<?xml version="1.0" encoding="UTF-8"?>
<!-- Generated by org.testng.reporters.JUnitXMLReporter -->
<testsuite ignored="0" hostname="DESKTOP-J287ISG" failures="1" tests="1" name="Test3" time="10.448" errors="0" timestamp="2026-03-25T20:04:09 IST">
  <testcase classname="pageTesting.LoginTest" name="testLogin" time="3.045">
    <failure type="java.lang.AssertionError" message="The following asserts failed:
	Login should succeed only for valid credentials expected [https://katalon-demo-cura.herokuapp.com/#appointment] but found [https://katalon-demo-cura.herokuapp.com/profile.php#login]">
      <![CDATA[java.lang.AssertionError: The following asserts failed:
Login should succeed only for valid credentials expected [https://katalon-demo-cura.herokuapp.com/#appointment] but found [https://katalon-demo-cura.herokuapp.com/profile.php#login]
at pageTesting.LoginTest.testLogin(LoginTest.java:43)
at java.base/java.util.ArrayList.forEach(ArrayList.java:1511)
... Removed 29 stack frames]]>
    </failure>
  </testcase> <!-- testLogin -->
</testsuite> <!-- Test3 -->
