<?xml version="1.0" encoding="UTF-8"?>
<testng-results ignored="0" total="1" passed="1" failed="0" skipped="0">
  <reporter-output>
  </reporter-output>
  <suite started-at="2026-03-27T16:00:41 IST" name="Default suite" finished-at="2026-03-27T16:00:54 IST" duration-ms="12676">
    <groups>
    </groups>
    <test started-at="2026-03-27T16:00:41 IST" name="Default test" finished-at="2026-03-27T16:00:54 IST" duration-ms="12676">
      <class name="pageTesting.LogoutTesting">
        <test-method is-config="true" signature="beforeTest()[pri:0, instance:pageTesting.LogoutTesting@6440112d]" started-at="2026-03-27T16:00:41 IST" name="beforeTest" finished-at="2026-03-27T16:00:50 IST" duration-ms="9329" status="PASS">
          <reporter-output>
          </reporter-output>
        </test-method> <!-- beforeTest -->
        <test-method signature="testLogout()[pri:0, instance:pageTesting.LogoutTesting@6440112d]" started-at="2026-03-27T16:00:51 IST" name="testLogout" finished-at="2026-03-27T16:00:53 IST" duration-ms="2956" status="PASS">
          <reporter-output>
          </reporter-output>
        </test-method> <!-- testLogout -->
        <test-method is-config="true" signature="afterTest()[pri:0, instance:pageTesting.LogoutTesting@6440112d]" started-at="2026-03-27T16:00:54 IST" name="afterTest" finished-at="2026-03-27T16:00:54 IST" duration-ms="309" status="PASS">
          <reporter-output>
          </reporter-output>
        </test-method> <!-- afterTest -->
      </class> <!-- pageTesting.LogoutTesting -->
    </test> <!-- Default test -->
  </suite> <!-- Default suite -->
</testng-results>
