<?xml version="1.0" encoding="UTF-8"?>
<testng-results ignored="0" total="6" passed="1" failed="5" skipped="0">
  <reporter-output>
  </reporter-output>
  <suite started-at="2026-03-25T20:03:38 IST" name="Suite" finished-at="2026-03-25T20:04:36 IST" duration-ms="58281">
    <groups>
    </groups>
    <test started-at="2026-03-25T20:03:38 IST" name="Test1" finished-at="2026-03-25T20:03:50 IST" duration-ms="11883">
      <class name="pageTesting.LoginTest">
        <test-method is-config="true" signature="beforeTest()[pri:0, instance:pageTesting.LoginTest@7ef82753]" started-at="2026-03-25T20:03:38 IST" name="beforeTest" finished-at="2026-03-25T20:03:45 IST" duration-ms="7801" status="PASS">
          <reporter-output>
          </reporter-output>
        </test-method> <!-- beforeTest -->
        <test-method signature="testLogin(java.lang.String,java.lang.String)[pri:0, instance:pageTesting.LoginTest@7ef82753]" started-at="2026-03-25T20:03:45 IST" name="testLogin" finished-at="2026-03-25T20:03:49 IST" duration-ms="3349" status="PASS">
          <params>
            <param index="0">
              <value>
                <![CDATA[John Doe]]>
              </value>
            </param>
            <param index="1">
              <value>
                <![CDATA[ThisIsNotAPassword]]>
              </value>
            </param>
          </params>
          <reporter-output>
          </reporter-output>
        </test-method> <!-- testLogin -->
        <test-method is-config="true" signature="reset()[pri:0, instance:pageTesting.LoginTest@7ef82753]" started-at="2026-03-25T20:03:49 IST" name="reset" finished-at="2026-03-25T20:03:49 IST" duration-ms="304" status="PASS">
          <reporter-output>
          </reporter-output>
        </test-method> <!-- reset -->
        <test-method is-config="true" signature="afterTest()[pri:0, instance:pageTesting.LoginTest@7ef82753]" started-at="2026-03-25T20:03:49 IST" name="afterTest" finished-at="2026-03-25T20:03:50 IST" duration-ms="347" status="PASS">
          <reporter-output>
          </reporter-output>
        </test-method> <!-- afterTest -->
      </class> <!-- pageTesting.LoginTest -->
    </test> <!-- Test1 -->
    <test started-at="2026-03-25T20:03:50 IST" name="Test2" finished-at="2026-03-25T20:03:59 IST" duration-ms="9082">
      <class name="pageTesting.LoginTest">
        <test-method is-config="true" signature="beforeTest()[pri:0, instance:pageTesting.LoginTest@cecf639]" started-at="2026-03-25T20:03:50 IST" name="beforeTest" finished-at="2026-03-25T20:03:56 IST" duration-ms="6210" status="PASS">
          <reporter-output>
          </reporter-output>
        </test-method> <!-- beforeTest -->
        <test-method signature="testLogin(java.lang.String,java.lang.String)[pri:0, instance:pageTesting.LoginTest@cecf639]" started-at="2026-03-25T20:03:56 IST" name="testLogin" finished-at="2026-03-25T20:03:58 IST" duration-ms="2113" status="FAIL">
          <params>
            <param index="0">
              <value>
                <![CDATA[John]]>
              </value>
            </param>
            <param index="1">
              <value>
                <![CDATA[ThisIsNotAPasswordd]]>
              </value>
            </param>
          </params>
          <exception class="java.lang.AssertionError">
            <message>
              <![CDATA[The following asserts failed:
Login should succeed only for valid credentials expected [https://katalon-demo-cura.herokuapp.com/#appointment] but found [https://katalon-demo-cura.herokuapp.com/profile.php#login]]]>
            </message>
            <full-stacktrace>
              <![CDATA[java.lang.AssertionError: The following asserts failed:
Login should succeed only for valid credentials expected [https://katalon-demo-cura.herokuapp.com/#appointment] but found [https://katalon-demo-cura.herokuapp.com/profile.php#login]
at org.testng.asserts.SoftAssert.assertAll(SoftAssert.java:46)
at org.testng.asserts.SoftAssert.assertAll(SoftAssert.java:30)
at pageTesting.LoginTest.testLogin(LoginTest.java:43)
at java.base/jdk.internal.reflect.NativeMethodAccessorImpl.invoke0(Native Method)
at java.base/jdk.internal.reflect.NativeMethodAccessorImpl.invoke(NativeMethodAccessorImpl.java:77)
at java.base/jdk.internal.reflect.DelegatingMethodAccessorImpl.invoke(DelegatingMethodAccessorImpl.java:43)
at java.base/java.lang.reflect.Method.invoke(Method.java:568)
at org.testng.internal.invokers.MethodInvocationHelper.invokeMethod(MethodInvocationHelper.java:141)
at org.testng.internal.invokers.TestInvoker.invokeMethod(TestInvoker.java:687)
at org.testng.internal.invokers.TestInvoker.invokeTestMethod(TestInvoker.java:230)
at org.testng.internal.invokers.MethodRunner.runInSequence(MethodRunner.java:63)
at org.testng.internal.invokers.TestInvoker$MethodInvocationAgent.invoke(TestInvoker.java:995)
at org.testng.internal.invokers.TestInvoker.invokeTestMethods(TestInvoker.java:203)
at org.testng.internal.invokers.TestMethodWorker.invokeTestMethods(TestMethodWorker.java:154)
at org.testng.internal.invokers.TestMethodWorker.run(TestMethodWorker.java:134)
at java.base/java.util.ArrayList.forEach(ArrayList.java:1511)
at org.testng.TestRunner.privateRun(TestRunner.java:741)
at org.testng.TestRunner.run(TestRunner.java:616)
at org.testng.SuiteRunner.runTest(SuiteRunner.java:421)
at org.testng.SuiteRunner.runSequentially(SuiteRunner.java:413)
at org.testng.SuiteRunner.privateRun(SuiteRunner.java:373)
at org.testng.SuiteRunner.run(SuiteRunner.java:312)
at org.testng.SuiteRunnerWorker.runSuite(SuiteRunnerWorker.java:52)
at org.testng.SuiteRunnerWorker.run(SuiteRunnerWorker.java:95)
at org.testng.TestNG.runSuitesSequentially(TestNG.java:1274)
at org.testng.TestNG.runSuitesLocally(TestNG.java:1208)
at org.testng.TestNG.runSuites(TestNG.java:1112)
at org.testng.TestNG.run(TestNG.java:1079)
at org.testng.remote.AbstractRemoteTestNG.run(AbstractRemoteTestNG.java:115)
at org.testng.remote.RemoteTestNG.initAndRun(RemoteTestNG.java:293)
at org.testng.remote.RemoteTestNG.main(RemoteTestNG.java:91)
]]>
            </full-stacktrace>
          </exception> <!-- java.lang.AssertionError -->
          <reporter-output>
          </reporter-output>
        </test-method> <!-- testLogin -->
        <test-method is-config="true" signature="reset()[pri:0, instance:pageTesting.LoginTest@cecf639]" started-at="2026-03-25T20:03:58 IST" name="reset" finished-at="2026-03-25T20:03:58 IST" duration-ms="472" status="PASS">
          <reporter-output>
          </reporter-output>
        </test-method> <!-- reset -->
        <test-method is-config="true" signature="afterTest()[pri:0, instance:pageTesting.LoginTest@cecf639]" started-at="2026-03-25T20:03:58 IST" name="afterTest" finished-at="2026-03-25T20:03:59 IST" duration-ms="281" status="PASS">
          <reporter-output>
          </reporter-output>
        </test-method> <!-- afterTest -->
      </class> <!-- pageTesting.LoginTest -->
    </test> <!-- Test2 -->
    <test started-at="2026-03-25T20:03:59 IST" name="Test3" finished-at="2026-03-25T20:04:09 IST" duration-ms="10448">
      <class name="pageTesting.LoginTest">
        <test-method is-config="true" signature="beforeTest()[pri:0, instance:pageTesting.LoginTest@7ce026d3]" started-at="2026-03-25T20:03:59 IST" name="beforeTest" finished-at="2026-03-25T20:04:05 IST" duration-ms="6591" status="PASS">
          <reporter-output>
          </reporter-output>
        </test-method> <!-- beforeTest -->
        <test-method signature="testLogin(java.lang.String,java.lang.String)[pri:0, instance:pageTesting.LoginTest@7ce026d3]" started-at="2026-03-25T20:04:05 IST" name="testLogin" finished-at="2026-03-25T20:04:08 IST" duration-ms="3045" status="FAIL">
          <params>
            <param index="0">
              <value>
                <![CDATA[John Doee]]>
              </value>
            </param>
            <param index="1">
              <value>
                <![CDATA[ThisIsNotAPassword]]>
              </value>
            </param>
          </params>
          <exception class="java.lang.AssertionError">
            <message>
              <![CDATA[The following asserts failed:
Login should succeed only for valid credentials expected [https://katalon-demo-cura.herokuapp.com/#appointment] but found [https://katalon-demo-cura.herokuapp.com/profile.php#login]]]>
            </message>
            <full-stacktrace>
              <![CDATA[java.lang.AssertionError: The following asserts failed:
Login should succeed only for valid credentials expected [https://katalon-demo-cura.herokuapp.com/#appointment] but found [https://katalon-demo-cura.herokuapp.com/profile.php#login]
at org.testng.asserts.SoftAssert.assertAll(SoftAssert.java:46)
at org.testng.asserts.SoftAssert.assertAll(SoftAssert.java:30)
at pageTesting.LoginTest.testLogin(LoginTest.java:43)
at java.base/jdk.internal.reflect.NativeMethodAccessorImpl.invoke0(Native Method)
at java.base/jdk.internal.reflect.NativeMethodAccessorImpl.invoke(NativeMethodAccessorImpl.java:77)
at java.base/jdk.internal.reflect.DelegatingMethodAccessorImpl.invoke(DelegatingMethodAccessorImpl.java:43)
at java.base/java.lang.reflect.Method.invoke(Method.java:568)
at org.testng.internal.invokers.MethodInvocationHelper.invokeMethod(MethodInvocationHelper.java:141)
at org.testng.internal.invokers.TestInvoker.invokeMethod(TestInvoker.java:687)
at org.testng.internal.invokers.TestInvoker.invokeTestMethod(TestInvoker.java:230)
at org.testng.internal.invokers.MethodRunner.runInSequence(MethodRunner.java:63)
at org.testng.internal.invokers.TestInvoker$MethodInvocationAgent.invoke(TestInvoker.java:995)
at org.testng.internal.invokers.TestInvoker.invokeTestMethods(TestInvoker.java:203)
at org.testng.internal.invokers.TestMethodWorker.invokeTestMethods(TestMethodWorker.java:154)
at org.testng.internal.invokers.TestMethodWorker.run(TestMethodWorker.java:134)
at java.base/java.util.ArrayList.forEach(ArrayList.java:1511)
at org.testng.TestRunner.privateRun(TestRunner.java:741)
at org.testng.TestRunner.run(TestRunner.java:616)
at org.testng.SuiteRunner.runTest(SuiteRunner.java:421)
at org.testng.SuiteRunner.runSequentially(SuiteRunner.java:413)
at org.testng.SuiteRunner.privateRun(SuiteRunner.java:373)
at org.testng.SuiteRunner.run(SuiteRunner.java:312)
at org.testng.SuiteRunnerWorker.runSuite(SuiteRunnerWorker.java:52)
at org.testng.SuiteRunnerWorker.run(SuiteRunnerWorker.java:95)
at org.testng.TestNG.runSuitesSequentially(TestNG.java:1274)
at org.testng.TestNG.runSuitesLocally(TestNG.java:1208)
at org.testng.TestNG.runSuites(TestNG.java:1112)
at org.testng.TestNG.run(TestNG.java:1079)
at org.testng.remote.AbstractRemoteTestNG.run(AbstractRemoteTestNG.java:115)
at org.testng.remote.RemoteTestNG.initAndRun(RemoteTestNG.java:293)
at org.testng.remote.RemoteTestNG.main(RemoteTestNG.java:91)
]]>
            </full-stacktrace>
          </exception> <!-- java.lang.AssertionError -->
          <reporter-output>
          </reporter-output>
        </test-method> <!-- testLogin -->
        <test-method is-config="true" signature="reset()[pri:0, instance:pageTesting.LoginTest@7ce026d3]" started-at="2026-03-25T20:04:08 IST" name="reset" finished-at="2026-03-25T20:04:09 IST" duration-ms="615" status="PASS">
          <reporter-output>
          </reporter-output>
        </test-method> <!-- reset -->
        <test-method is-config="true" signature="afterTest()[pri:0, instance:pageTesting.LoginTest@7ce026d3]" started-at="2026-03-25T20:04:09 IST" name="afterTest" finished-at="2026-03-25T20:04:09 IST" duration-ms="192" status="PASS">
          <reporter-output>
          </reporter-output>
        </test-method> <!-- afterTest -->
      </class> <!-- pageTesting.LoginTest -->
    </test> <!-- Test3 -->
    <test started-at="2026-03-25T20:04:09 IST" name="Test4" finished-at="2026-03-25T20:04:18 IST" duration-ms="8523">
      <class name="pageTesting.LoginTest">
        <test-method is-config="true" signature="beforeTest()[pri:0, instance:pageTesting.LoginTest@268f106e]" started-at="2026-03-25T20:04:09 IST" name="beforeTest" finished-at="2026-03-25T20:04:15 IST" duration-ms="5421" status="PASS">
          <reporter-output>
          </reporter-output>
        </test-method> <!-- beforeTest -->
        <test-method signature="testLogin(java.lang.String,java.lang.String)[pri:0, instance:pageTesting.LoginTest@268f106e]" started-at="2026-03-25T20:04:15 IST" name="testLogin" finished-at="2026-03-25T20:04:17 IST" duration-ms="2362" status="FAIL">
          <params>
            <param index="0">
              <value>
                <![CDATA[John Doe21]]>
              </value>
            </param>
            <param index="1">
              <value>
                <![CDATA[ThisIsNotAPasswordd]]>
              </value>
            </param>
          </params>
          <exception class="java.lang.AssertionError">
            <message>
              <![CDATA[The following asserts failed:
Login should succeed only for valid credentials expected [https://katalon-demo-cura.herokuapp.com/#appointment] but found [https://katalon-demo-cura.herokuapp.com/profile.php#login]]]>
            </message>
            <full-stacktrace>
              <![CDATA[java.lang.AssertionError: The following asserts failed:
Login should succeed only for valid credentials expected [https://katalon-demo-cura.herokuapp.com/#appointment] but found [https://katalon-demo-cura.herokuapp.com/profile.php#login]
at org.testng.asserts.SoftAssert.assertAll(SoftAssert.java:46)
at org.testng.asserts.SoftAssert.assertAll(SoftAssert.java:30)
at pageTesting.LoginTest.testLogin(LoginTest.java:43)
at java.base/jdk.internal.reflect.NativeMethodAccessorImpl.invoke0(Native Method)
at java.base/jdk.internal.reflect.NativeMethodAccessorImpl.invoke(NativeMethodAccessorImpl.java:77)
at java.base/jdk.internal.reflect.DelegatingMethodAccessorImpl.invoke(DelegatingMethodAccessorImpl.java:43)
at java.base/java.lang.reflect.Method.invoke(Method.java:568)
at org.testng.internal.invokers.MethodInvocationHelper.invokeMethod(MethodInvocationHelper.java:141)
at org.testng.internal.invokers.TestInvoker.invokeMethod(TestInvoker.java:687)
at org.testng.internal.invokers.TestInvoker.invokeTestMethod(TestInvoker.java:230)
at org.testng.internal.invokers.MethodRunner.runInSequence(MethodRunner.java:63)
at org.testng.internal.invokers.TestInvoker$MethodInvocationAgent.invoke(TestInvoker.java:995)
at org.testng.internal.invokers.TestInvoker.invokeTestMethods(TestInvoker.java:203)
at org.testng.internal.invokers.TestMethodWorker.invokeTestMethods(TestMethodWorker.java:154)
at org.testng.internal.invokers.TestMethodWorker.run(TestMethodWorker.java:134)
at java.base/java.util.ArrayList.forEach(ArrayList.java:1511)
at org.testng.TestRunner.privateRun(TestRunner.java:741)
at org.testng.TestRunner.run(TestRunner.java:616)
at org.testng.SuiteRunner.runTest(SuiteRunner.java:421)
at org.testng.SuiteRunner.runSequentially(SuiteRunner.java:413)
at org.testng.SuiteRunner.privateRun(SuiteRunner.java:373)
at org.testng.SuiteRunner.run(SuiteRunner.java:312)
at org.testng.SuiteRunnerWorker.runSuite(SuiteRunnerWorker.java:52)
at org.testng.SuiteRunnerWorker.run(SuiteRunnerWorker.java:95)
at org.testng.TestNG.runSuitesSequentially(TestNG.java:1274)
at org.testng.TestNG.runSuitesLocally(TestNG.java:1208)
at org.testng.TestNG.runSuites(TestNG.java:1112)
at org.testng.TestNG.run(TestNG.java:1079)
at org.testng.remote.AbstractRemoteTestNG.run(AbstractRemoteTestNG.java:115)
at org.testng.remote.RemoteTestNG.initAndRun(RemoteTestNG.java:293)
at org.testng.remote.RemoteTestNG.main(RemoteTestNG.java:91)
]]>
            </full-stacktrace>
          </exception> <!-- java.lang.AssertionError -->
          <reporter-output>
          </reporter-output>
        </test-method> <!-- testLogin -->
        <test-method is-config="true" signature="reset()[pri:0, instance:pageTesting.LoginTest@268f106e]" started-at="2026-03-25T20:04:17 IST" name="reset" finished-at="2026-03-25T20:04:18 IST" duration-ms="576" status="PASS">
          <reporter-output>
          </reporter-output>
        </test-method> <!-- reset -->
        <test-method is-config="true" signature="afterTest()[pri:0, instance:pageTesting.LoginTest@268f106e]" started-at="2026-03-25T20:04:18 IST" name="afterTest" finished-at="2026-03-25T20:04:18 IST" duration-ms="157" status="PASS">
          <reporter-output>
          </reporter-output>
        </test-method> <!-- afterTest -->
      </class> <!-- pageTesting.LoginTest -->
    </test> <!-- Test4 -->
    <test started-at="2026-03-25T20:04:18 IST" name="Test5" finished-at="2026-03-25T20:04:25 IST" duration-ms="7130">
      <class name="pageTesting.LoginTest">
        <test-method is-config="true" signature="beforeTest()[pri:0, instance:pageTesting.LoginTest@5890e879]" started-at="2026-03-25T20:04:18 IST" name="beforeTest" finished-at="2026-03-25T20:04:22 IST" duration-ms="4577" status="PASS">
          <reporter-output>
          </reporter-output>
        </test-method> <!-- beforeTest -->
        <test-method signature="testLogin(java.lang.String,java.lang.String)[pri:0, instance:pageTesting.LoginTest@5890e879]" started-at="2026-03-25T20:04:22 IST" name="testLogin" finished-at="2026-03-25T20:04:24 IST" duration-ms="1901" status="FAIL">
          <params>
            <param index="0">
              <value>
                <![CDATA[]]>
              </value>
            </param>
            <param index="1">
              <value>
                <![CDATA[]]>
              </value>
            </param>
          </params>
          <exception class="java.lang.AssertionError">
            <message>
              <![CDATA[The following asserts failed:
Login should succeed only for valid credentials expected [https://katalon-demo-cura.herokuapp.com/#appointment] but found [https://katalon-demo-cura.herokuapp.com/profile.php#login]]]>
            </message>
            <full-stacktrace>
              <![CDATA[java.lang.AssertionError: The following asserts failed:
Login should succeed only for valid credentials expected [https://katalon-demo-cura.herokuapp.com/#appointment] but found [https://katalon-demo-cura.herokuapp.com/profile.php#login]
at org.testng.asserts.SoftAssert.assertAll(SoftAssert.java:46)
at org.testng.asserts.SoftAssert.assertAll(SoftAssert.java:30)
at pageTesting.LoginTest.testLogin(LoginTest.java:43)
at java.base/jdk.internal.reflect.NativeMethodAccessorImpl.invoke0(Native Method)
at java.base/jdk.internal.reflect.NativeMethodAccessorImpl.invoke(NativeMethodAccessorImpl.java:77)
at java.base/jdk.internal.reflect.DelegatingMethodAccessorImpl.invoke(DelegatingMethodAccessorImpl.java:43)
at java.base/java.lang.reflect.Method.invoke(Method.java:568)
at org.testng.internal.invokers.MethodInvocationHelper.invokeMethod(MethodInvocationHelper.java:141)
at org.testng.internal.invokers.TestInvoker.invokeMethod(TestInvoker.java:687)
at org.testng.internal.invokers.TestInvoker.invokeTestMethod(TestInvoker.java:230)
at org.testng.internal.invokers.MethodRunner.runInSequence(MethodRunner.java:63)
at org.testng.internal.invokers.TestInvoker$MethodInvocationAgent.invoke(TestInvoker.java:995)
at org.testng.internal.invokers.TestInvoker.invokeTestMethods(TestInvoker.java:203)
at org.testng.internal.invokers.TestMethodWorker.invokeTestMethods(TestMethodWorker.java:154)
at org.testng.internal.invokers.TestMethodWorker.run(TestMethodWorker.java:134)
at java.base/java.util.ArrayList.forEach(ArrayList.java:1511)
at org.testng.TestRunner.privateRun(TestRunner.java:741)
at org.testng.TestRunner.run(TestRunner.java:616)
at org.testng.SuiteRunner.runTest(SuiteRunner.java:421)
at org.testng.SuiteRunner.runSequentially(SuiteRunner.java:413)
at org.testng.SuiteRunner.privateRun(SuiteRunner.java:373)
at org.testng.SuiteRunner.run(SuiteRunner.java:312)
at org.testng.SuiteRunnerWorker.runSuite(SuiteRunnerWorker.java:52)
at org.testng.SuiteRunnerWorker.run(SuiteRunnerWorker.java:95)
at org.testng.TestNG.runSuitesSequentially(TestNG.java:1274)
at org.testng.TestNG.runSuitesLocally(TestNG.java:1208)
at org.testng.TestNG.runSuites(TestNG.java:1112)
at org.testng.TestNG.run(TestNG.java:1079)
at org.testng.remote.AbstractRemoteTestNG.run(AbstractRemoteTestNG.java:115)
at org.testng.remote.RemoteTestNG.initAndRun(RemoteTestNG.java:293)
at org.testng.remote.RemoteTestNG.main(RemoteTestNG.java:91)
]]>
            </full-stacktrace>
          </exception> <!-- java.lang.AssertionError -->
          <reporter-output>
          </reporter-output>
        </test-method> <!-- testLogin -->
        <test-method is-config="true" signature="reset()[pri:0, instance:pageTesting.LoginTest@5890e879]" started-at="2026-03-25T20:04:24 IST" name="reset" finished-at="2026-03-25T20:04:25 IST" duration-ms="446" status="PASS">
          <reporter-output>
          </reporter-output>
        </test-method> <!-- reset -->
        <test-method is-config="true" signature="afterTest()[pri:0, instance:pageTesting.LoginTest@5890e879]" started-at="2026-03-25T20:04:25 IST" name="afterTest" finished-at="2026-03-25T20:04:25 IST" duration-ms="200" status="PASS">
          <reporter-output>
          </reporter-output>
        </test-method> <!-- afterTest -->
      </class> <!-- pageTesting.LoginTest -->
    </test> <!-- Test5 -->
    <test started-at="2026-03-25T20:04:25 IST" name="Test6" finished-at="2026-03-25T20:04:36 IST" duration-ms="11054">
      <class name="pageTesting.LoginTest">
        <test-method is-config="true" signature="beforeTest()[pri:0, instance:pageTesting.LoginTest@7c137fd5]" started-at="2026-03-25T20:04:25 IST" name="beforeTest" finished-at="2026-03-25T20:04:34 IST" duration-ms="8756" status="PASS">
          <reporter-output>
          </reporter-output>
        </test-method> <!-- beforeTest -->
        <test-method signature="testLogin(java.lang.String,java.lang.String)[pri:0, instance:pageTesting.LoginTest@7c137fd5]" started-at="2026-03-25T20:04:34 IST" name="testLogin" finished-at="2026-03-25T20:04:35 IST" duration-ms="1745" status="FAIL">
          <params>
            <param index="0">
              <value>
                <![CDATA[John Doe]]>
              </value>
            </param>
            <param index="1">
              <value>
                <![CDATA[thisIsNotAPassword]]>
              </value>
            </param>
          </params>
          <exception class="java.lang.AssertionError">
            <message>
              <![CDATA[The following asserts failed:
Login should succeed only for valid credentials expected [https://katalon-demo-cura.herokuapp.com/#appointment] but found [https://katalon-demo-cura.herokuapp.com/profile.php#login]]]>
            </message>
            <full-stacktrace>
              <![CDATA[java.lang.AssertionError: The following asserts failed:
Login should succeed only for valid credentials expected [https://katalon-demo-cura.herokuapp.com/#appointment] but found [https://katalon-demo-cura.herokuapp.com/profile.php#login]
at org.testng.asserts.SoftAssert.assertAll(SoftAssert.java:46)
at org.testng.asserts.SoftAssert.assertAll(SoftAssert.java:30)
at pageTesting.LoginTest.testLogin(LoginTest.java:43)
at java.base/jdk.internal.reflect.NativeMethodAccessorImpl.invoke0(Native Method)
at java.base/jdk.internal.reflect.NativeMethodAccessorImpl.invoke(NativeMethodAccessorImpl.java:77)
at java.base/jdk.internal.reflect.DelegatingMethodAccessorImpl.invoke(DelegatingMethodAccessorImpl.java:43)
at java.base/java.lang.reflect.Method.invoke(Method.java:568)
at org.testng.internal.invokers.MethodInvocationHelper.invokeMethod(MethodInvocationHelper.java:141)
at org.testng.internal.invokers.TestInvoker.invokeMethod(TestInvoker.java:687)
at org.testng.internal.invokers.TestInvoker.invokeTestMethod(TestInvoker.java:230)
at org.testng.internal.invokers.MethodRunner.runInSequence(MethodRunner.java:63)
at org.testng.internal.invokers.TestInvoker$MethodInvocationAgent.invoke(TestInvoker.java:995)
at org.testng.internal.invokers.TestInvoker.invokeTestMethods(TestInvoker.java:203)
at org.testng.internal.invokers.TestMethodWorker.invokeTestMethods(TestMethodWorker.java:154)
at org.testng.internal.invokers.TestMethodWorker.run(TestMethodWorker.java:134)
at java.base/java.util.ArrayList.forEach(ArrayList.java:1511)
at org.testng.TestRunner.privateRun(TestRunner.java:741)
at org.testng.TestRunner.run(TestRunner.java:616)
at org.testng.SuiteRunner.runTest(SuiteRunner.java:421)
at org.testng.SuiteRunner.runSequentially(SuiteRunner.java:413)
at org.testng.SuiteRunner.privateRun(SuiteRunner.java:373)
at org.testng.SuiteRunner.run(SuiteRunner.java:312)
at org.testng.SuiteRunnerWorker.runSuite(SuiteRunnerWorker.java:52)
at org.testng.SuiteRunnerWorker.run(SuiteRunnerWorker.java:95)
at org.testng.TestNG.runSuitesSequentially(TestNG.java:1274)
at org.testng.TestNG.runSuitesLocally(TestNG.java:1208)
at org.testng.TestNG.runSuites(TestNG.java:1112)
at org.testng.TestNG.run(TestNG.java:1079)
at org.testng.remote.AbstractRemoteTestNG.run(AbstractRemoteTestNG.java:115)
at org.testng.remote.RemoteTestNG.initAndRun(RemoteTestNG.java:293)
at org.testng.remote.RemoteTestNG.main(RemoteTestNG.java:91)
]]>
            </full-stacktrace>
          </exception> <!-- java.lang.AssertionError -->
          <reporter-output>
          </reporter-output>
        </test-method> <!-- testLogin -->
        <test-method is-config="true" signature="reset()[pri:0, instance:pageTesting.LoginTest@7c137fd5]" started-at="2026-03-25T20:04:35 IST" name="reset" finished-at="2026-03-25T20:04:36 IST" duration-ms="380" status="PASS">
          <reporter-output>
          </reporter-output>
        </test-method> <!-- reset -->
        <test-method is-config="true" signature="afterTest()[pri:0, instance:pageTesting.LoginTest@7c137fd5]" started-at="2026-03-25T20:04:36 IST" name="afterTest" finished-at="2026-03-25T20:04:36 IST" duration-ms="168" status="PASS">
          <reporter-output>
          </reporter-output>
        </test-method> <!-- afterTest -->
      </class> <!-- pageTesting.LoginTest -->
    </test> <!-- Test6 -->
  </suite> <!-- Suite -->
</testng-results>
